# JRE version: OpenJDK Runtime Environment (17.0.6) (build 17.0.6+0-b2043.56-9586694)
# Java VM: OpenJDK 64-Bit Server VM (17.0.6+0-b2043.56-9586694, mixed mode, tiered, compressed oops, compressed class ptrs, g1 gc, windows-amd64)
GC Precious Log:
 CPUs: 8 total, 8 available
 Memory: 16235M
 Large Page Support: Disabled
 NUMA Support: Disabled
 Compressed Oops: Enabled (32-bit)
 Heap Region Size: 1M
 Heap Min Capacity: 8M
 Heap Initial Capacity: 254M
 Heap Max Capacity: 2G
 Pre-touch: Disabled
 Parallel Workers: 8
 Concurrent Workers: 2
 Concurrent Refinement Workers: 8
 Periodic GC: Disabled
Heap:
 garbage-first heap   total 458752K, used 367345K [0x0000000080000000, 0x0000000100000000)
  region size 1024K, 66 young (67584K), 8 survivors (8192K)
 Metaspace       used 131365K, committed 132416K, reserved 1163264K
  class space    used 18229K, committed 18752K, reserved 1048576K
GC Heap History (20 events):
Event: 74.079 GC heap before
{Heap before GC invocations=69 (full 0):
 garbage-first heap   total 311296K, used 269593K [0x0000000080000000, 0x0000000100000000)
  region size 1024K, 33 young (33792K), 2 survivors (2048K)
 Metaspace       used 116978K, committed 118016K, reserved 1155072K
  class space    used 15756K, committed 16256K, reserved 1048576K
}
Event: 74.083 GC heap after
{Heap after GC invocations=70 (full 0):
 garbage-first heap   total 373760K, used 239120K [0x0000000080000000, 0x0000000100000000)
  region size 1024K, 2 young (2048K), 2 survivors (2048K)
 Metaspace       used 116978K, committed 118016K, reserved 1155072K
  class space    used 15756K, committed 16256K, reserved 1048576K
}
Event: 74.653 GC heap before
{Heap before GC invocations=70 (full 0):
 garbage-first heap   total 373760K, used 318992K [0x0000000080000000, 0x0000000100000000)
  region size 1024K, 79 young (80896K), 2 survivors (2048K)
 Metaspace       used 119147K, committed 120128K, reserved 1155072K
  class space    used 16099K, committed 16576K, reserved 1048576K
}
Event: 74.669 GC heap after
{Heap after GC invocations=71 (full 0):
 garbage-first heap   total 373760K, used 248447K [0x0000000080000000, 0x0000000100000000)
  region size 1024K, 10 young (10240K), 10 survivors (10240K)
 Metaspace       used 119147K, committed 120128K, reserved 1155072K
  class space    used 16099K, committed 16576K, reserved 1048576K
}
Event: 75.104 GC heap before
{Heap before GC invocations=71 (full 0):
 garbage-first heap   total 373760K, used 316031K [0x0000000080000000, 0x0000000100000000)
  region size 1024K, 77 young (78848K), 10 survivors (10240K)
 Metaspace       used 121595K, committed 122624K, reserved 1155072K
  class space    used 16455K, committed 16960K, reserved 1048576K
}
Event: 75.125 GC heap after
{Heap after GC invocations=72 (full 0):
 garbage-first heap   total 373760K, used 260457K [0x0000000080000000, 0x0000000100000000)
  region size 1024K, 10 young (10240K), 10 survivors (10240K)
 Metaspace       used 121595K, committed 122624K, reserved 1155072K
  class space    used 16455K, committed 16960K, reserved 1048576K
}
Event: 75.534 GC heap before
{Heap before GC invocations=72 (full 0):
 garbage-first heap   total 373760K, used 314729K [0x0000000080000000, 0x0000000100000000)
  region size 1024K, 64 young (65536K), 10 survivors (10240K)
 Metaspace       used 123382K, committed 124416K, reserved 1163264K
  class space    used 16827K, committed 17344K, reserved 1048576K
}
Event: 75.555 GC heap after
{Heap after GC invocations=73 (full 0):
 garbage-first heap   total 373760K, used 269204K [0x0000000080000000, 0x0000000100000000)
  region size 1024K, 8 young (8192K), 8 survivors (8192K)
 Metaspace       used 123382K, committed 124416K, reserved 1163264K
  class space    used 16827K, committed 17344K, reserved 1048576K
}
Event: 75.842 GC heap before
{Heap before GC invocations=73 (full 0):
 garbage-first heap   total 373760K, used 317332K [0x0000000080000000, 0x0000000100000000)
  region size 1024K, 55 young (56320K), 8 survivors (8192K)
 Metaspace       used 123992K, committed 125056K, reserved 1163264K
  class space    used 16950K, committed 17472K, reserved 1048576K
}
Event: 75.859 GC heap after
{Heap after GC invocations=74 (full 0):
 garbage-first heap   total 373760K, used 277726K [0x0000000080000000, 0x0000000100000000)
  region size 1024K, 7 young (7168K), 7 survivors (7168K)
 Metaspace       used 123992K, committed 125056K, reserved 1163264K
  class space    used 16950K, committed 17472K, reserved 1048576K
}
Event: 76.034 GC heap before
{Heap before GC invocations=74 (full 0):
 garbage-first heap   total 373760K, used 317662K [0x0000000080000000, 0x0000000100000000)
  region size 1024K, 47 young (48128K), 7 survivors (7168K)
 Metaspace       used 124932K, committed 125952K, reserved 1163264K
  class space    used 17139K, committed 17664K, reserved 1048576K
}
Event: 76.051 GC heap after
{Heap after GC invocations=75 (full 0):
 garbage-first heap   total 458752K, used 284497K [0x0000000080000000, 0x0000000100000000)
  region size 1024K, 6 young (6144K), 6 survivors (6144K)
 Metaspace       used 124932K, committed 125952K, reserved 1163264K
  class space    used 17139K, committed 17664K, reserved 1048576K
}
Event: 76.479 GC heap before
{Heap before GC invocations=75 (full 0):
 garbage-first heap   total 458752K, used 379729K [0x0000000080000000, 0x0000000100000000)
  region size 1024K, 99 young (101376K), 6 survivors (6144K)
 Metaspace       used 126822K, committed 127872K, reserved 1163264K
  class space    used 17465K, committed 17984K, reserved 1048576K
}
Event: 76.503 GC heap after
{Heap after GC invocations=76 (full 0):
 garbage-first heap   total 458752K, used 300015K [0x0000000080000000, 0x0000000100000000)
  region size 1024K, 13 young (13312K), 13 survivors (13312K)
 Metaspace       used 126822K, committed 127872K, reserved 1163264K
  class space    used 17465K, committed 17984K, reserved 1048576K
}
Event: 77.096 GC heap before
{Heap before GC invocations=76 (full 0):
 garbage-first heap   total 458752K, used 379887K [0x0000000080000000, 0x0000000100000000)
  region size 1024K, 92 young (94208K), 13 survivors (13312K)
 Metaspace       used 129364K, committed 130432K, reserved 1163264K
  class space    used 17935K, committed 18432K, reserved 1048576K
}
Event: 77.115 GC heap after
{Heap after GC invocations=77 (full 0):
 garbage-first heap   total 458752K, used 303393K [0x0000000080000000, 0x0000000100000000)
  region size 1024K, 3 young (3072K), 3 survivors (3072K)
 Metaspace       used 129364K, committed 130432K, reserved 1163264K
  class space    used 17935K, committed 18432K, reserved 1048576K
}
Event: 77.650 GC heap before
{Heap before GC invocations=77 (full 0):
 garbage-first heap   total 458752K, used 384289K [0x0000000080000000, 0x0000000100000000)
  region size 1024K, 83 young (84992K), 3 survivors (3072K)
 Metaspace       used 130862K, committed 131904K, reserved 1163264K
  class space    used 18200K, committed 18688K, reserved 1048576K
}
Event: 77.659 GC heap after
{Heap after GC invocations=78 (full 0):
 garbage-first heap   total 458752K, used 306184K [0x0000000080000000, 0x0000000100000000)
  region size 1024K, 6 young (6144K), 6 survivors (6144K)
 Metaspace       used 130862K, committed 131904K, reserved 1163264K
  class space    used 18200K, committed 18688K, reserved 1048576K
}
Event: 77.990 GC heap before
{Heap before GC invocations=78 (full 0):
 garbage-first heap   total 458752K, used 387080K [0x0000000080000000, 0x0000000100000000)
  region size 1024K, 86 young (88064K), 6 survivors (6144K)
 Metaspace       used 131176K, committed 132224K, reserved 1163264K
  class space    used 18215K, committed 18752K, reserved 1048576K
}
Event: 77.997 GC heap after
{Heap after GC invocations=79 (full 0):
 garbage-first heap   total 458752K, used 308977K [0x0000000080000000, 0x0000000100000000)
  region size 1024K, 8 young (8192K), 8 survivors (8192K)
 Metaspace       used 131176K, committed 132224K, reserved 1163264K
  class space    used 18215K, committed 18752K, reserved 1048576K
}

